{"/home/kevin/Documents/code/custom-fields/client/src/index.tsx": {"path":"/home/kevin/Documents/code/custom-fields/client/src/index.tsx","statementMap":{"0":{"start":{"line":2,"column":0},"end":{"line":null,"column":-1}},"1":{"start":{"line":3,"column":0},"end":{"line":null,"column":-1}},"2":{"start":{"line":4,"column":0},"end":{"line":null,"column":-1}},"3":{"start":{"line":5,"column":0},"end":{"line":null,"column":-1}},"4":{"start":{"line":6,"column":0},"end":{"line":null,"column":-1}},"5":{"start":{"line":7,"column":0},"end":{"line":null,"column":-1}},"6":{"start":{"line":8,"column":0},"end":{"line":null,"column":-1}},"7":{"start":{"line":9,"column":0},"end":{"line":null,"column":-1}},"8":{"start":{"line":10,"column":0},"end":{"line":null,"column":-1}},"9":{"start":{"line":11,"column":0},"end":{"line":null,"column":-1}},"10":{"start":{"line":12,"column":26},"end":{"line":12,"column":0}},"11":{"start":{"line":14,"column":16},"end":{"line":14,"column":0}},"12":{"start":{"line":16,"column":14},"end":{"line":16,"column":0}},"13":{"start":{"line":18,"column":21},"end":{"line":18,"column":0}},"14":{"start":{"line":19,"column":2},"end":{"line":null,"column":-1}},"15":{"start":{"line":30,"column":0},"end":{"line":null,"column":-1}}},"fnMap":{"0":{"name":"(anonymous_2)","decl":{"start":{"line":18,"column":21},"end":{"line":18,"column":21}},"loc":{"start":{"line":18,"column":27},"end":{"line":18,"column":0}}}},"branchMap":{"0":{"loc":{"start":{"line":12,"column":26},"end":{"line":12,"column":25}},"type":"binary-expr","locations":[{"start":{"line":12,"column":26},"end":{"line":12,"column":25}},{"start":{"line":12,"column":81},"end":{"line":12,"column":0}}]}},"s":{"0":0,"1":0,"2":0,"3":0,"4":0,"5":0,"6":0,"7":0,"8":0,"9":0,"10":0,"11":0,"12":0,"13":0,"14":0,"15":0},"f":{"0":0},"b":{"0":[0,0]}}
,"/home/kevin/Documents/code/custom-fields/client/src/setupTests.ts": {"path":"/home/kevin/Documents/code/custom-fields/client/src/setupTests.ts","statementMap":{"0":{"start":{"line":5,"column":0},"end":{"line":5,"column":51}}},"fnMap":{},"branchMap":{},"s":{"0":5},"f":{},"b":{}}
,"/home/kevin/Documents/code/custom-fields/client/src/app/i18next.ts": {"path":"/home/kevin/Documents/code/custom-fields/client/src/app/i18next.ts","statementMap":{"0":{"start":{"line":2,"column":16},"end":{"line":2,"column":0}},"1":{"start":{"line":3,"column":13},"end":{"line":3,"column":0}},"2":{"start":{"line":5,"column":17},"end":{"line":5,"column":0}}},"fnMap":{},"branchMap":{},"s":{"0":0,"1":0,"2":0},"f":{},"b":{}}
,"/home/kevin/Documents/code/custom-fields/client/src/app/api/authApi.ts": {"path":"/home/kevin/Documents/code/custom-fields/client/src/app/api/authApi.ts","statementMap":{"0":{"start":{"line":3,"column":50},"end":{"line":null,"column":-1}},"1":{"start":{"line":3,"column":50},"end":{"line":3,"column":0}},"2":{"start":{"line":3,"column":50},"end":{"line":3,"column":49}},"3":{"start":{"line":4,"column":61},"end":{"line":4,"column":91}},"4":{"start":{"line":5,"column":94},"end":{"line":5,"column":119}},"5":{"start":{"line":6,"column":27},"end":{"line":6,"column":50}}},"fnMap":{"0":{"name":"(anonymous_0)","decl":{"start":{"line":3,"column":50},"end":{"line":null,"column":-1}},"loc":{"start":{"line":3,"column":50},"end":{"line":3,"column":0}}},"1":{"name":"(anonymous_1)","decl":{"start":{"line":4,"column":13},"end":{"line":4,"column":13}},"loc":{"start":{"line":4,"column":56},"end":{"line":3,"column":50}}},"2":{"name":"(anonymous_2)","decl":{"start":{"line":5,"column":16},"end":{"line":5,"column":16}},"loc":{"start":{"line":5,"column":89},"end":{"line":3,"column":50}}},"3":{"name":"(anonymous_3)","decl":{"start":{"line":6,"column":11},"end":{"line":6,"column":11}},"loc":{"start":{"line":6,"column":22},"end":{"line":3,"column":50}}}},"branchMap":{},"s":{"0":0,"1":0,"2":0,"3":0,"4":0,"5":0},"f":{"0":0,"1":0,"2":0,"3":0},"b":{}}
,"/home/kevin/Documents/code/custom-fields/client/src/app/api/axios.ts": {"path":"/home/kevin/Documents/code/custom-fields/client/src/app/api/axios.ts","statementMap":{"0":{"start":{"line":3,"column":17},"end":{"line":3,"column":0}},"1":{"start":{"line":6,"column":0},"end":{"line":null,"column":-1}},"2":{"start":{"line":7,"column":16},"end":{"line":7,"column":2}},"3":{"start":{"line":8,"column":2},"end":{"line":10,"column":3}},"4":{"start":{"line":9,"column":4},"end":{"line":null,"column":-1}},"5":{"start":{"line":11,"column":2},"end":{"line":null,"column":-1}},"6":{"start":{"line":15,"column":2},"end":{"line":null,"column":-1}},"7":{"start":{"line":16,"column":2},"end":{"line":null,"column":-1}}},"fnMap":{"0":{"name":"(anonymous_1)","decl":{"start":{"line":6,"column":34},"end":{"line":6,"column":33}},"loc":{"start":{"line":6,"column":40},"end":{"line":6,"column":0}}},"1":{"name":"(anonymous_2)","decl":{"start":{"line":14,"column":35},"end":{"line":14,"column":34}},"loc":{"start":{"line":14,"column":43},"end":{"line":14,"column":0}}}},"branchMap":{"0":{"loc":{"start":{"line":8,"column":2},"end":{"line":10,"column":3}},"type":"if","locations":[{"start":{"line":8,"column":2},"end":{"line":10,"column":3}},{"start":{"line":8,"column":2},"end":{"line":10,"column":3}}]}},"s":{"0":0,"1":0,"2":0,"3":0,"4":0,"5":0,"6":0,"7":0},"f":{"0":0,"1":0},"b":{"0":[0,0]}}
,"/home/kevin/Documents/code/custom-fields/client/src/app/api/fieldApi.ts": {"path":"/home/kevin/Documents/code/custom-fields/client/src/app/api/fieldApi.ts","statementMap":{"0":{"start":{"line":3,"column":51},"end":{"line":null,"column":-1}},"1":{"start":{"line":3,"column":51},"end":{"line":3,"column":0}},"2":{"start":{"line":3,"column":51},"end":{"line":3,"column":50}},"3":{"start":{"line":4,"column":19},"end":{"line":4,"column":37}},"4":{"start":{"line":5,"column":24},"end":{"line":5,"column":47}},"5":{"start":{"line":6,"column":17},"end":{"line":6,"column":33}}},"fnMap":{"0":{"name":"(anonymous_0)","decl":{"start":{"line":3,"column":51},"end":{"line":null,"column":-1}},"loc":{"start":{"line":3,"column":51},"end":{"line":3,"column":0}}},"1":{"name":"(anonymous_1)","decl":{"start":{"line":4,"column":13},"end":{"line":4,"column":12}},"loc":{"start":{"line":4,"column":13},"end":{"line":3,"column":51}}},"2":{"name":"(anonymous_2)","decl":{"start":{"line":5,"column":18},"end":{"line":5,"column":17}},"loc":{"start":{"line":5,"column":18},"end":{"line":3,"column":51}}},"3":{"name":"(anonymous_3)","decl":{"start":{"line":6,"column":11},"end":{"line":6,"column":10}},"loc":{"start":{"line":6,"column":11},"end":{"line":3,"column":51}}}},"branchMap":{},"s":{"0":0,"1":0,"2":0,"3":0,"4":0,"5":0},"f":{"0":0,"1":0,"2":0,"3":0},"b":{}}
,"/home/kevin/Documents/code/custom-fields/client/src/app/api/index.ts": {"path":"/home/kevin/Documents/code/custom-fields/client/src/app/api/index.ts","statementMap":{"0":{"start":{"line":2,"column":0},"end":{"line":null,"column":-1}},"1":{"start":{"line":3,"column":0},"end":{"line":null,"column":-1}},"2":{"start":{"line":5,"column":17},"end":{"line":5,"column":0}},"3":{"start":{"line":6,"column":16},"end":{"line":6,"column":0}}},"fnMap":{},"branchMap":{},"s":{"0":0,"1":0,"2":0,"3":0},"f":{},"b":{}}
,"/home/kevin/Documents/code/custom-fields/client/src/app/components/Fields/Error.tsx": {"path":"/home/kevin/Documents/code/custom-fields/client/src/app/components/Fields/Error.tsx","statementMap":{"0":{"start":{"line":2,"column":0},"end":{"line":null,"column":-1}},"1":{"start":{"line":10,"column":37},"end":{"line":10,"column":0}},"2":{"start":{"line":10,"column":97},"end":{"line":null,"column":-1}},"3":{"start":{"line":15,"column":6},"end":{"line":null,"column":-1}}},"fnMap":{"0":{"name":"(anonymous_1)","decl":{"start":{"line":10,"column":37},"end":{"line":10,"column":37}},"loc":{"start":{"line":10,"column":92},"end":{"line":10,"column":0}}},"1":{"name":"(anonymous_2)","decl":{"start":{"line":14,"column":12},"end":{"line":14,"column":12}},"loc":{"start":{"line":14,"column":54},"end":{"line":11,"column":8}}}},"branchMap":{"0":{"loc":{"start":{"line":10,"column":57},"end":{"line":10,"column":56}},"type":"cond-expr","locations":[{"start":{"line":10,"column":57},"end":{"line":10,"column":56}}]},"1":{"loc":{"start":{"line":15,"column":42},"end":{"line":15,"column":6}},"type":"cond-expr","locations":[{"start":{"line":15,"column":42},"end":{"line":15,"column":6}},{"start":{"line":15,"column":112},"end":{"line":15,"column":6}}]},"2":{"loc":{"start":{"line":15,"column":6},"end":{"line":15,"column":17}},"type":"binary-expr","locations":[{"start":{"line":15,"column":6},"end":{"line":15,"column":17}},{"start":{"line":15,"column":18},"end":{"line":15,"column":26}},{"start":{"line":15,"column":27},"end":{"line":15,"column":6}}]},"3":{"loc":{"start":{"line":15,"column":76},"end":{"line":15,"column":84}},"type":"binary-expr","locations":[{"start":{"line":15,"column":76},"end":{"line":15,"column":84}},{"start":{"line":15,"column":85},"end":{"line":15,"column":42}}]}},"s":{"0":0,"1":0,"2":0,"3":0},"f":{"0":0,"1":0},"b":{"0":[0],"1":[0,0],"2":[0,0,0],"3":[0,0]}}
,"/home/kevin/Documents/code/custom-fields/client/src/app/components/Fields/Input.tsx": {"path":"/home/kevin/Documents/code/custom-fields/client/src/app/components/Fields/Input.tsx","statementMap":{"0":{"start":{"line":1,"column":0},"end":{"line":null,"column":-1}},"1":{"start":{"line":3,"column":0},"end":{"line":null,"column":-1}},"2":{"start":{"line":7,"column":41},"end":{"line":7,"column":0}},"3":{"start":{"line":7,"column":44},"end":{"line":7,"column":43}},"4":{"start":{"line":7,"column":51},"end":{"line":7,"column":44}},"5":{"start":{"line":7,"column":57},"end":{"line":7,"column":44}},"6":{"start":{"line":7,"column":71},"end":{"line":null,"column":-1}}},"fnMap":{"0":{"name":"(anonymous_3)","decl":{"start":{"line":7,"column":41},"end":{"line":7,"column":41}},"loc":{"start":{"line":7,"column":66},"end":{"line":7,"column":0}}}},"branchMap":{"0":{"loc":{"start":{"line":8,"column":18},"end":{"line":8,"column":17}},"type":"binary-expr","locations":[{"start":{"line":8,"column":18},"end":{"line":8,"column":17}},{"start":{"line":8,"column":34},"end":{"line":8,"column":8}}]}},"s":{"0":0,"1":0,"2":0,"3":0,"4":0,"5":0,"6":0},"f":{"0":0},"b":{"0":[0,0]}}
,"/home/kevin/Documents/code/custom-fields/client/src/app/components/Fields/Select.tsx": {"path":"/home/kevin/Documents/code/custom-fields/client/src/app/components/Fields/Select.tsx","statementMap":{"0":{"start":{"line":1,"column":0},"end":{"line":null,"column":-1}},"1":{"start":{"line":3,"column":0},"end":{"line":null,"column":-1}},"2":{"start":{"line":9,"column":39},"end":{"line":9,"column":0}},"3":{"start":{"line":9,"column":42},"end":{"line":9,"column":41}},"4":{"start":{"line":9,"column":49},"end":{"line":9,"column":42}},"5":{"start":{"line":9,"column":55},"end":{"line":9,"column":42}},"6":{"start":{"line":9,"column":64},"end":{"line":9,"column":42}},"7":{"start":{"line":9,"column":78},"end":{"line":null,"column":-1}},"8":{"start":{"line":11,"column":26},"end":{"line":15,"column":5}}},"fnMap":{"0":{"name":"(anonymous_3)","decl":{"start":{"line":9,"column":39},"end":{"line":9,"column":39}},"loc":{"start":{"line":9,"column":73},"end":{"line":9,"column":0}}},"1":{"name":"(anonymous_4)","decl":{"start":{"line":11,"column":17},"end":{"line":11,"column":17}},"loc":{"start":{"line":11,"column":21},"end":{"line":11,"column":5}}}},"branchMap":{},"s":{"0":0,"1":0,"2":0,"3":0,"4":0,"5":0,"6":0,"7":0,"8":0},"f":{"0":0,"1":0},"b":{}}
,"/home/kevin/Documents/code/custom-fields/client/src/app/components/Fields/StylishField.tsx": {"path":"/home/kevin/Documents/code/custom-fields/client/src/app/components/Fields/StylishField.tsx","statementMap":{"0":{"start":{"line":1,"column":0},"end":{"line":null,"column":-1}},"1":{"start":{"line":2,"column":0},"end":{"line":null,"column":-1}},"2":{"start":{"line":3,"column":0},"end":{"line":null,"column":-1}},"3":{"start":{"line":10,"column":0},"end":{"line":null,"column":-1}},"4":{"start":{"line":17,"column":51},"end":{"line":17,"column":0}},"5":{"start":{"line":17,"column":54},"end":{"line":17,"column":53}},"6":{"start":{"line":17,"column":61},"end":{"line":17,"column":54}},"7":{"start":{"line":17,"column":71},"end":{"line":17,"column":54}},"8":{"start":{"line":17,"column":85},"end":{"line":null,"column":-1}}},"fnMap":{"0":{"name":"(anonymous_4)","decl":{"start":{"line":17,"column":51},"end":{"line":17,"column":51}},"loc":{"start":{"line":17,"column":80},"end":{"line":17,"column":0}}}},"branchMap":{"0":{"loc":{"start":{"line":25,"column":18},"end":{"line":25,"column":7}},"type":"cond-expr","locations":[{"start":{"line":25,"column":18},"end":{"line":25,"column":7}},{"start":{"line":25,"column":52},"end":{"line":22,"column":4}}]}},"s":{"0":0,"1":0,"2":0,"3":0,"4":0,"5":0,"6":0,"7":0,"8":0},"f":{"0":0},"b":{"0":[0,0]}}
,"/home/kevin/Documents/code/custom-fields/client/src/app/components/Fields/index.ts": {"path":"/home/kevin/Documents/code/custom-fields/client/src/app/components/Fields/index.ts","statementMap":{"0":{"start":{"line":2,"column":0},"end":{"line":null,"column":-1}},"1":{"start":{"line":3,"column":0},"end":{"line":null,"column":-1}},"2":{"start":{"line":4,"column":0},"end":{"line":null,"column":-1}}},"fnMap":{},"branchMap":{},"s":{"0":0,"1":0,"2":0},"f":{},"b":{}}
,"/home/kevin/Documents/code/custom-fields/client/src/app/components/Forms/LoginForm.tsx": {"path":"/home/kevin/Documents/code/custom-fields/client/src/app/components/Forms/LoginForm.tsx","statementMap":{"0":{"start":{"line":2,"column":0},"end":{"line":null,"column":-1}},"1":{"start":{"line":3,"column":0},"end":{"line":null,"column":-1}},"2":{"start":{"line":4,"column":0},"end":{"line":null,"column":-1}},"3":{"start":{"line":5,"column":0},"end":{"line":null,"column":-1}},"4":{"start":{"line":7,"column":17},"end":{"line":7,"column":0}},"5":{"start":{"line":8,"column":41},"end":{"line":8,"column":2}},"6":{"start":{"line":9,"column":2},"end":{"line":11,"column":3}},"7":{"start":{"line":10,"column":4},"end":{"line":null,"column":-1}},"8":{"start":{"line":12,"column":2},"end":{"line":14,"column":3}},"9":{"start":{"line":13,"column":4},"end":{"line":null,"column":-1}},"10":{"start":{"line":15,"column":2},"end":{"line":null,"column":-1}},"11":{"start":{"line":18,"column":18},"end":{"line":18,"column":0}},"12":{"start":{"line":19,"column":2},"end":{"line":null,"column":-1}},"13":{"start":{"line":34,"column":16},"end":{"line":34,"column":0}},"14":{"start":{"line":34,"column":33},"end":{"line":null,"column":-1}}},"fnMap":{"0":{"name":"(anonymous_1)","decl":{"start":{"line":7,"column":17},"end":{"line":7,"column":17}},"loc":{"start":{"line":7,"column":24},"end":{"line":7,"column":0}}},"1":{"name":"(anonymous_2)","decl":{"start":{"line":18,"column":18},"end":{"line":18,"column":18}},"loc":{"start":{"line":18,"column":24},"end":{"line":18,"column":0}}},"2":{"name":"(anonymous_3)","decl":{"start":{"line":34,"column":16},"end":{"line":34,"column":16}},"loc":{"start":{"line":34,"column":28},"end":{"line":34,"column":0}}}},"branchMap":{"0":{"loc":{"start":{"line":9,"column":2},"end":{"line":11,"column":3}},"type":"if","locations":[{"start":{"line":9,"column":2},"end":{"line":11,"column":3}},{"start":{"line":9,"column":2},"end":{"line":11,"column":3}}]},"1":{"loc":{"start":{"line":12,"column":2},"end":{"line":14,"column":3}},"type":"if","locations":[{"start":{"line":12,"column":2},"end":{"line":14,"column":3}},{"start":{"line":12,"column":2},"end":{"line":14,"column":3}}]}},"s":{"0":0,"1":0,"2":0,"3":0,"4":0,"5":0,"6":0,"7":0,"8":0,"9":0,"10":0,"11":0,"12":0,"13":0,"14":0},"f":{"0":0,"1":0,"2":0},"b":{"0":[0,0],"1":[0,0]}}
,"/home/kevin/Documents/code/custom-fields/client/src/app/components/Forms/RegisterForm.tsx": {"path":"/home/kevin/Documents/code/custom-fields/client/src/app/components/Forms/RegisterForm.tsx","statementMap":{"0":{"start":{"line":3,"column":0},"end":{"line":null,"column":-1}},"1":{"start":{"line":4,"column":0},"end":{"line":null,"column":-1}},"2":{"start":{"line":5,"column":0},"end":{"line":null,"column":-1}},"3":{"start":{"line":6,"column":0},"end":{"line":null,"column":-1}},"4":{"start":{"line":8,"column":21},"end":{"line":8,"column":0}},"5":{"start":{"line":9,"column":2},"end":{"line":null,"column":-1}},"6":{"start":{"line":19,"column":16},"end":{"line":19,"column":0}},"7":{"start":{"line":19,"column":33},"end":{"line":null,"column":-1}}},"fnMap":{"0":{"name":"(anonymous_1)","decl":{"start":{"line":8,"column":21},"end":{"line":8,"column":21}},"loc":{"start":{"line":8,"column":50},"end":{"line":8,"column":0}}},"1":{"name":"(anonymous_2)","decl":{"start":{"line":19,"column":16},"end":{"line":19,"column":16}},"loc":{"start":{"line":19,"column":28},"end":{"line":19,"column":0}}}},"branchMap":{},"s":{"0":0,"1":0,"2":0,"3":0,"4":0,"5":0,"6":0,"7":0},"f":{"0":0,"1":0},"b":{}}
,"/home/kevin/Documents/code/custom-fields/client/src/app/components/Forms/index.ts": {"path":"/home/kevin/Documents/code/custom-fields/client/src/app/components/Forms/index.ts","statementMap":{"0":{"start":{"line":2,"column":0},"end":{"line":null,"column":-1}}},"fnMap":{},"branchMap":{},"s":{"0":0},"f":{},"b":{}}
,"/home/kevin/Documents/code/custom-fields/client/src/app/pages/index.tsx": {"path":"/home/kevin/Documents/code/custom-fields/client/src/app/pages/index.tsx","statementMap":{"0":{"start":{"line":2,"column":0},"end":{"line":null,"column":-1}},"1":{"start":{"line":3,"column":0},"end":{"line":null,"column":-1}},"2":{"start":{"line":4,"column":0},"end":{"line":null,"column":-1}},"3":{"start":{"line":6,"column":12},"end":{"line":6,"column":0}},"4":{"start":{"line":6,"column":23},"end":{"line":16,"column":1}}},"fnMap":{"0":{"name":"(anonymous_1)","decl":{"start":{"line":6,"column":12},"end":{"line":6,"column":12}},"loc":{"start":{"line":6,"column":18},"end":{"line":6,"column":0}}}},"branchMap":{},"s":{"0":0,"1":0,"2":0,"3":0,"4":0},"f":{"0":0},"b":{}}
,"/home/kevin/Documents/code/custom-fields/client/src/app/redux/events.ts": {"path":"/home/kevin/Documents/code/custom-fields/client/src/app/redux/events.ts","statementMap":{"0":{"start":{"line":1,"column":34},"end":{"line":1,"column":59}},"1":{"start":{"line":2,"column":34},"end":{"line":2,"column":59}},"2":{"start":{"line":4,"column":37},"end":{"line":4,"column":65}},"3":{"start":{"line":5,"column":37},"end":{"line":5,"column":65}},"4":{"start":{"line":7,"column":32},"end":{"line":7,"column":54}},"5":{"start":{"line":8,"column":32},"end":{"line":8,"column":54}},"6":{"start":{"line":9,"column":32},"end":{"line":9,"column":54}},"7":{"start":{"line":10,"column":38},"end":{"line":10,"column":66}}},"fnMap":{},"branchMap":{},"s":{"0":1,"1":1,"2":1,"3":1,"4":1,"5":1,"6":1,"7":1},"f":{},"b":{}}
,"/home/kevin/Documents/code/custom-fields/client/src/app/redux/index.ts": {"path":"/home/kevin/Documents/code/custom-fields/client/src/app/redux/index.ts","statementMap":{"0":{"start":{"line":1,"column":34},"end":{"line":null,"column":-1}},"1":{"start":{"line":1,"column":16},"end":{"line":1,"column":26}},"2":{"start":{"line":1,"column":39},"end":{"line":null,"column":-1}}},"fnMap":{},"branchMap":{"0":{"loc":{"start":{"line":1,"column":16},"end":{"line":1,"column":26}},"type":"if","locations":[{"start":{"line":1,"column":16},"end":{"line":1,"column":26}},{"start":{"line":1,"column":16},"end":{"line":1,"column":26}}]}},"s":{"0":0,"1":0,"2":0},"f":{},"b":{"0":[0,0]}}
,"/home/kevin/Documents/code/custom-fields/client/src/app/redux/data/constants.ts": {"path":"/home/kevin/Documents/code/custom-fields/client/src/app/redux/data/constants.ts","statementMap":{"0":{"start":{"line":1,"column":35},"end":{"line":1,"column":44}},"1":{"start":{"line":2,"column":32},"end":{"line":2,"column":38}}},"fnMap":{},"branchMap":{},"s":{"0":1,"1":1},"f":{},"b":{}}
,"/home/kevin/Documents/code/custom-fields/client/src/app/redux/data/data.actions.ts": {"path":"/home/kevin/Documents/code/custom-fields/client/src/app/redux/data/data.actions.ts","statementMap":{"0":{"start":{"line":2,"column":0},"end":{"line":null,"column":-1}},"1":{"start":{"line":4,"column":13},"end":{"line":4,"column":7}}},"fnMap":{},"branchMap":{},"s":{"0":0,"1":0},"f":{},"b":{}}
,"/home/kevin/Documents/code/custom-fields/client/src/app/redux/data/data.reducer.ts": {"path":"/home/kevin/Documents/code/custom-fields/client/src/app/redux/data/data.reducer.ts","statementMap":{"0":{"start":{"line":5,"column":20},"end":{"line":17,"column":1}},"1":{"start":{"line":5,"column":21},"end":{"line":5,"column":31}},"2":{"start":{"line":6,"column":10},"end":{"line":6,"column":14}},"3":{"start":{"line":6,"column":16},"end":{"line":6,"column":23}},"4":{"start":{"line":7,"column":2},"end":{"line":16,"column":3}},"5":{"start":{"line":9,"column":6},"end":{"line":9,"column":19}},"6":{"start":{"line":11,"column":6},"end":{"line":11,"column":64}},"7":{"start":{"line":13,"column":6},"end":{"line":13,"column":19}},"8":{"start":{"line":15,"column":6},"end":{"line":15,"column":19}}},"fnMap":{"0":{"name":"(anonymous_0)","decl":{"start":{"line":5,"column":20},"end":{"line":5,"column":20}},"loc":{"start":{"line":5,"column":39},"end":{"line":17,"column":1}}}},"branchMap":{"0":{"loc":{"start":{"line":5,"column":21},"end":{"line":5,"column":31}},"type":"if","locations":[{"start":{"line":5,"column":21},"end":{"line":5,"column":31}},{"start":{"line":5,"column":21},"end":{"line":5,"column":31}}]},"1":{"loc":{"start":{"line":8,"column":4},"end":{"line":9,"column":19}},"type":"switch","locations":[{"start":{"line":8,"column":4},"end":{"line":9,"column":19}},{"start":{"line":10,"column":4},"end":{"line":11,"column":64}},{"start":{"line":12,"column":4},"end":{"line":13,"column":19}},{"start":{"line":14,"column":4},"end":{"line":15,"column":19}}]}},"s":{"0":1,"1":72,"2":48,"3":48,"4":48,"5":11,"6":7,"7":4,"8":26},"f":{"0":48},"b":{"0":[24,24],"1":[11,7,4,26]}}
,"/home/kevin/Documents/code/custom-fields/client/src/app/redux/data/request.reducer.ts": {"path":"/home/kevin/Documents/code/custom-fields/client/src/app/redux/data/request.reducer.ts","statementMap":{"0":{"start":{"line":4,"column":23},"end":{"line":4,"column":100}},"1":{"start":{"line":6,"column":24},"end":{"line":6,"column":99}},"2":{"start":{"line":8,"column":29},"end":{"line":19,"column":1}},"3":{"start":{"line":9,"column":2},"end":{"line":18,"column":3}},"4":{"start":{"line":11,"column":6},"end":{"line":11,"column":76}},"5":{"start":{"line":13,"column":6},"end":{"line":13,"column":97}},"6":{"start":{"line":15,"column":6},"end":{"line":15,"column":93}},"7":{"start":{"line":17,"column":6},"end":{"line":17,"column":19}},"8":{"start":{"line":21,"column":27},"end":{"line":30,"column":1}},"9":{"start":{"line":21,"column":28},"end":{"line":21,"column":38}},"10":{"start":{"line":22,"column":2},"end":{"line":29,"column":3}},"11":{"start":{"line":26,"column":6},"end":{"line":26,"column":113}},"12":{"start":{"line":28,"column":6},"end":{"line":28,"column":19}},"13":{"start":{"line":32,"column":24},"end":{"line":56,"column":1}},"14":{"start":{"line":32,"column":25},"end":{"line":32,"column":47}},"15":{"start":{"line":33,"column":2},"end":{"line":55,"column":3}},"16":{"start":{"line":35,"column":6},"end":{"line":35,"column":95}},"17":{"start":{"line":37,"column":6},"end":{"line":44,"column":8}},"18":{"start":{"line":46,"column":6},"end":{"line":52,"column":8}},"19":{"start":{"line":54,"column":6},"end":{"line":54,"column":19}},"20":{"start":{"line":58,"column":22},"end":{"line":64,"column":1}},"21":{"start":{"line":58,"column":23},"end":{"line":58,"column":33}},"22":{"start":{"line":59,"column":2},"end":{"line":63,"column":3}},"23":{"start":{"line":60,"column":4},"end":{"line":60,"column":108}},"24":{"start":{"line":62,"column":4},"end":{"line":62,"column":17}}},"fnMap":{"0":{"name":"(anonymous_1)","decl":{"start":{"line":8,"column":29},"end":{"line":8,"column":29}},"loc":{"start":{"line":8,"column":70},"end":{"line":19,"column":1}}},"1":{"name":"(anonymous_2)","decl":{"start":{"line":21,"column":27},"end":{"line":21,"column":27}},"loc":{"start":{"line":21,"column":69},"end":{"line":30,"column":1}}},"2":{"name":"(anonymous_3)","decl":{"start":{"line":32,"column":24},"end":{"line":32,"column":24}},"loc":{"start":{"line":32,"column":78},"end":{"line":56,"column":1}}},"3":{"name":"(anonymous_4)","decl":{"start":{"line":58,"column":22},"end":{"line":58,"column":22}},"loc":{"start":{"line":58,"column":41},"end":{"line":64,"column":1}}}},"branchMap":{"0":{"loc":{"start":{"line":10,"column":4},"end":{"line":11,"column":76}},"type":"switch","locations":[{"start":{"line":10,"column":4},"end":{"line":11,"column":76}},{"start":{"line":12,"column":4},"end":{"line":13,"column":97}},{"start":{"line":14,"column":4},"end":{"line":15,"column":93}},{"start":{"line":16,"column":4},"end":{"line":17,"column":19}}]},"1":{"loc":{"start":{"line":21,"column":28},"end":{"line":21,"column":38}},"type":"if","locations":[{"start":{"line":21,"column":28},"end":{"line":21,"column":38}},{"start":{"line":21,"column":28},"end":{"line":21,"column":38}}]},"2":{"loc":{"start":{"line":23,"column":4},"end":{"line":23,"column":33}},"type":"switch","locations":[{"start":{"line":23,"column":4},"end":{"line":23,"column":33}},{"start":{"line":24,"column":4},"end":{"line":24,"column":33}},{"start":{"line":25,"column":4},"end":{"line":26,"column":113}},{"start":{"line":27,"column":4},"end":{"line":28,"column":19}}]},"3":{"loc":{"start":{"line":32,"column":25},"end":{"line":32,"column":47}},"type":"if","locations":[{"start":{"line":32,"column":25},"end":{"line":32,"column":47}},{"start":{"line":32,"column":25},"end":{"line":32,"column":47}}]},"4":{"loc":{"start":{"line":34,"column":4},"end":{"line":35,"column":95}},"type":"switch","locations":[{"start":{"line":34,"column":4},"end":{"line":35,"column":95}},{"start":{"line":36,"column":4},"end":{"line":44,"column":8}},{"start":{"line":45,"column":4},"end":{"line":52,"column":8}},{"start":{"line":53,"column":4},"end":{"line":54,"column":19}}]},"5":{"loc":{"start":{"line":58,"column":23},"end":{"line":58,"column":33}},"type":"if","locations":[{"start":{"line":58,"column":23},"end":{"line":58,"column":33}},{"start":{"line":58,"column":23},"end":{"line":58,"column":33}}]},"6":{"loc":{"start":{"line":59,"column":2},"end":{"line":63,"column":3}},"type":"if","locations":[{"start":{"line":59,"column":2},"end":{"line":63,"column":3}},{"start":{"line":59,"column":2},"end":{"line":63,"column":3}}]},"7":{"loc":{"start":{"line":59,"column":6},"end":{"line":59,"column":20}},"type":"binary-expr","locations":[{"start":{"line":59,"column":6},"end":{"line":59,"column":20}},{"start":{"line":59,"column":24},"end":{"line":59,"column":47}},{"start":{"line":59,"column":51},"end":{"line":59,"column":94}}]}},"s":{"0":1,"1":1,"2":1,"3":22,"4":11,"5":7,"6":4,"7":0,"8":1,"9":22,"10":22,"11":22,"12":0,"13":1,"14":29,"15":22,"16":11,"17":7,"18":4,"19":0,"20":1,"21":72,"22":48,"23":22,"24":26},"f":{"0":22,"1":22,"2":22,"3":48},"b":{"0":[11,7,4,0],"1":[0,22],"2":[11,18,22,0],"3":[7,15],"4":[11,7,4,0],"5":[24,24],"6":[22,26],"7":[48,24,23]}}
,"/home/kevin/Documents/code/custom-fields/client/src/app/redux/data/request.selector.ts": {"path":"/home/kevin/Documents/code/custom-fields/client/src/app/redux/data/request.selector.ts","statementMap":{"0":{"start":{"line":5,"column":31},"end":{"line":5,"column":75}},"1":{"start":{"line":5,"column":49},"end":{"line":5,"column":75}},"2":{"start":{"line":7,"column":27},"end":{"line":15,"column":3}},"3":{"start":{"line":8,"column":2},"end":{"line":15,"column":3}},"4":{"start":{"line":17,"column":32},"end":{"line":18,"column":68}},"5":{"start":{"line":17,"column":61},"end":{"line":17,"column":74}},"6":{"start":{"line":17,"column":61},"end":{"line":17,"column":75}},"7":{"start":{"line":18,"column":2},"end":{"line":18,"column":68}}},"fnMap":{"0":{"name":"(anonymous_0)","decl":{"start":{"line":5,"column":31},"end":{"line":5,"column":31}},"loc":{"start":{"line":5,"column":44},"end":{"line":5,"column":75}}},"1":{"name":"(anonymous_1)","decl":{"start":{"line":7,"column":27},"end":{"line":7,"column":27}},"loc":{"start":{"line":7,"column":54},"end":{"line":15,"column":3}}},"2":{"name":"(anonymous_2)","decl":{"start":{"line":17,"column":32},"end":{"line":17,"column":32}},"loc":{"start":{"line":17,"column":59},"end":{"line":18,"column":68}}}},"branchMap":{"0":{"loc":{"start":{"line":8,"column":2},"end":{"line":8,"column":30}},"type":"binary-expr","locations":[{"start":{"line":8,"column":2},"end":{"line":8,"column":30}},{"start":{"line":8,"column":34},"end":{"line":15,"column":3}}]},"1":{"loc":{"start":{"line":18,"column":2},"end":{"line":18,"column":55}},"type":"binary-expr","locations":[{"start":{"line":18,"column":2},"end":{"line":18,"column":55}},{"start":{"line":18,"column":59},"end":{"line":18,"column":68}}]}},"s":{"0":1,"1":10,"2":1,"3":8,"4":1,"5":8,"6":8,"7":8},"f":{"0":10,"1":8,"2":8},"b":{"0":[8,4],"1":[8,6]}}
,"/home/kevin/Documents/code/custom-fields/client/src/app/redux/data/util.ts": {"path":"/home/kevin/Documents/code/custom-fields/client/src/app/redux/data/util.ts","statementMap":{"0":{"start":{"line":1,"column":0},"end":{"line":63,"column":-1}},"1":{"start":{"line":11,"column":22},"end":{"line":21,"column":2}},"2":{"start":{"line":11,"column":32},"end":{"line":21,"column":2}},"3":{"start":{"line":12,"column":12},"end":{"line":12,"column":18}},"4":{"start":{"line":12,"column":12},"end":{"line":12,"column":19}},"5":{"start":{"line":12,"column":24},"end":{"line":12,"column":114}},"6":{"start":{"line":13,"column":22},"end":{"line":13,"column":28}},"7":{"start":{"line":13,"column":22},"end":{"line":13,"column":29}},"8":{"start":{"line":13,"column":34},"end":{"line":16,"column":4}},"9":{"start":{"line":17,"column":19},"end":{"line":17,"column":25}},"10":{"start":{"line":17,"column":19},"end":{"line":17,"column":26}},"11":{"start":{"line":17,"column":31},"end":{"line":20,"column":4}},"12":{"start":{"line":23,"column":21},"end":{"line":26,"column":2}},"13":{"start":{"line":23,"column":38},"end":{"line":23,"column":44}},"14":{"start":{"line":23,"column":38},"end":{"line":23,"column":45}},"15":{"start":{"line":23,"column":50},"end":{"line":26,"column":2}},"16":{"start":{"line":28,"column":23},"end":{"line":28,"column":39}},"17":{"start":{"line":30,"column":25},"end":{"line":56,"column":1}},"18":{"start":{"line":31,"column":2},"end":{"line":31,"column":6}},"19":{"start":{"line":32,"column":2},"end":{"line":32,"column":8}},"20":{"start":{"line":33,"column":2},"end":{"line":33,"column":9}},"21":{"start":{"line":39,"column":17},"end":{"line":39,"column":53}},"22":{"start":{"line":40,"column":21},"end":{"line":40,"column":67}},"23":{"start":{"line":41,"column":2},"end":{"line":55,"column":3}},"24":{"start":{"line":42,"column":4},"end":{"line":42,"column":22}},"25":{"start":{"line":44,"column":28},"end":{"line":53,"column":5}},"26":{"start":{"line":44,"column":29},"end":{"line":44,"column":42}},"27":{"start":{"line":44,"column":29},"end":{"line":44,"column":43}},"28":{"start":{"line":44,"column":65},"end":{"line":53,"column":5}},"29":{"start":{"line":45,"column":12},"end":{"line":45,"column":72}},"30":{"start":{"line":46,"column":6},"end":{"line":52,"column":7}},"31":{"start":{"line":47,"column":14},"end":{"line":47,"column":48}},"32":{"start":{"line":48,"column":8},"end":{"line":48,"column":56}},"33":{"start":{"line":49,"column":8},"end":{"line":49,"column":55}},"34":{"start":{"line":51,"column":8},"end":{"line":51,"column":45}},"35":{"start":{"line":54,"column":4},"end":{"line":54,"column":32}},"36":{"start":{"line":58,"column":22},"end":{"line":62,"column":8}},"37":{"start":{"line":59,"column":2},"end":{"line":62,"column":8}},"38":{"start":{"line":60,"column":18},"end":{"line":60,"column":90}}},"fnMap":{"0":{"name":"(anonymous_13)","decl":{"start":{"line":11,"column":22},"end":{"line":11,"column":22}},"loc":{"start":{"line":11,"column":27},"end":{"line":21,"column":2}}},"1":{"name":"(anonymous_14)","decl":{"start":{"line":12,"column":11},"end":{"line":null,"column":-1}},"loc":{"start":{"line":12,"column":11},"end":{"line":12,"column":114}}},"2":{"name":"(anonymous_15)","decl":{"start":{"line":13,"column":11},"end":{"line":13,"column":11}},"loc":{"start":{"line":13,"column":20},"end":{"line":16,"column":4}}},"3":{"name":"(anonymous_16)","decl":{"start":{"line":17,"column":11},"end":{"line":17,"column":11}},"loc":{"start":{"line":17,"column":17},"end":{"line":20,"column":4}}},"4":{"name":"(anonymous_17)","decl":{"start":{"line":23,"column":21},"end":{"line":23,"column":21}},"loc":{"start":{"line":23,"column":36},"end":{"line":26,"column":2}}},"5":{"name":"(anonymous_18)","decl":{"start":{"line":30,"column":25},"end":{"line":30,"column":52}},"loc":{"start":{"line":38,"column":1},"end":{"line":56,"column":1}}},"6":{"name":"(anonymous_19)","decl":{"start":{"line":44,"column":28},"end":{"line":null,"column":-1}},"loc":{"start":{"line":44,"column":28},"end":{"line":53,"column":5}}},"7":{"name":"(anonymous_20)","decl":{"start":{"line":44,"column":65},"end":{"line":44,"column":71}},"loc":{"start":{"line":44,"column":90},"end":{"line":53,"column":5}}},"8":{"name":"(anonymous_23)","decl":{"start":{"line":58,"column":22},"end":{"line":58,"column":25}},"loc":{"start":{"line":58,"column":60},"end":{"line":62,"column":8}}},"9":{"name":"(anonymous_24)","decl":{"start":{"line":60,"column":4},"end":{"line":60,"column":4}},"loc":{"start":{"line":60,"column":13},"end":{"line":60,"column":90}}}},"branchMap":{"0":{"loc":{"start":{"line":41,"column":2},"end":{"line":55,"column":3}},"type":"if","locations":[{"start":{"line":41,"column":2},"end":{"line":55,"column":3}},{"start":{"line":41,"column":2},"end":{"line":55,"column":3}}]},"1":{"loc":{"start":{"line":46,"column":6},"end":{"line":52,"column":7}},"type":"if","locations":[{"start":{"line":46,"column":6},"end":{"line":52,"column":7}},{"start":{"line":46,"column":6},"end":{"line":52,"column":7}}]},"2":{"loc":{"start":{"line":46,"column":10},"end":{"line":46,"column":23}},"type":"binary-expr","locations":[{"start":{"line":46,"column":10},"end":{"line":46,"column":23}},{"start":{"line":46,"column":27},"end":{"line":46,"column":50}}]}},"s":{"0":1,"1":1,"2":6,"3":11,"4":11,"5":11,"6":7,"7":7,"8":7,"9":4,"10":4,"11":4,"12":1,"13":1,"14":1,"15":1,"16":1,"17":1,"18":6,"19":6,"20":6,"21":6,"22":6,"23":6,"24":2,"25":4,"26":8,"27":8,"28":8,"29":8,"30":8,"31":1,"32":1,"33":1,"34":7,"35":4,"36":1,"37":3,"38":6},"f":{"0":6,"1":11,"2":7,"3":4,"4":1,"5":6,"6":8,"7":8,"8":3,"9":6},"b":{"0":[2,4],"1":[1,7],"2":[8,2]}}
,"/home/kevin/Documents/code/custom-fields/client/src/lib/finalForm.tsx": {"path":"/home/kevin/Documents/code/custom-fields/client/src/lib/finalForm.tsx","statementMap":{"0":{"start":{"line":4,"column":18},"end":{"line":6,"column":1}},"1":{"start":{"line":4,"column":50},"end":{"line":6,"column":1}},"2":{"start":{"line":4,"column":95},"end":{"line":6,"column":1}},"3":{"start":{"line":4,"column":117},"end":{"line":6,"column":1}}},"fnMap":{"0":{"name":"(anonymous_1)","decl":{"start":{"line":4,"column":18},"end":{"line":4,"column":18}},"loc":{"start":{"line":4,"column":45},"end":{"line":6,"column":1}}},"1":{"name":"(anonymous_2)","decl":{"start":{"line":4,"column":50},"end":{"line":4,"column":50}},"loc":{"start":{"line":4,"column":90},"end":{"line":6,"column":1}}},"2":{"name":"(anonymous_3)","decl":{"start":{"line":4,"column":95},"end":{"line":4,"column":95}},"loc":{"start":{"line":4,"column":112},"end":{"line":6,"column":1}}}},"branchMap":{},"s":{"0":1,"1":0,"2":0,"3":0},"f":{"0":0,"1":0,"2":0},"b":{}}
,"/home/kevin/Documents/code/custom-fields/client/src/lib/i18next/withText.tsx": {"path":"/home/kevin/Documents/code/custom-fields/client/src/lib/i18next/withText.tsx","statementMap":{"0":{"start":{"line":6,"column":23},"end":{"line":6,"column":25}},"1":{"start":{"line":18,"column":17},"end":{"line":32,"column":1}},"2":{"start":{"line":19,"column":21},"end":{"line":19,"column":60}},"3":{"start":{"line":20,"column":2},"end":{"line":31,"column":4}},"4":{"start":{"line":21,"column":4},"end":{"line":30,"column":6}},"5":{"start":{"line":22,"column":6},"end":{"line":29,"column":8}},"6":{"start":{"line":25,"column":27},"end":{"line":25,"column":39}},"7":{"start":{"line":26,"column":12},"end":{"line":26,"column":71}}},"fnMap":{"0":{"name":"(anonymous_1)","decl":{"start":{"line":18,"column":17},"end":{"line":18,"column":17}},"loc":{"start":{"line":18,"column":58},"end":{"line":32,"column":1}}},"1":{"name":"(anonymous_2)","decl":{"start":{"line":20,"column":9},"end":{"line":20,"column":37}},"loc":{"start":{"line":20,"column":75},"end":{"line":31,"column":3}}},"2":{"name":"(anonymous_3)","decl":{"start":{"line":21,"column":11},"end":{"line":21,"column":11}},"loc":{"start":{"line":21,"column":17},"end":{"line":30,"column":5}}},"3":{"name":"(anonymous_4)","decl":{"start":{"line":24,"column":11},"end":{"line":24,"column":11}},"loc":{"start":{"line":24,"column":20},"end":{"line":27,"column":11}}}},"branchMap":{},"s":{"0":2,"1":2,"2":2,"3":2,"4":2,"5":2,"6":3,"7":3},"f":{"0":2,"1":2,"2":2,"3":3},"b":{}}
,"/home/kevin/Documents/code/custom-fields/client/src/lib/redux-util/addRedirect.ts": {"path":"/home/kevin/Documents/code/custom-fields/client/src/lib/redux-util/addRedirect.ts","statementMap":{"0":{"start":{"line":7,"column":20},"end":{"line":15,"column":1}},"1":{"start":{"line":8,"column":31},"end":{"line":13,"column":3}},"2":{"start":{"line":8,"column":32},"end":{"line":8,"column":38}},"3":{"start":{"line":8,"column":32},"end":{"line":8,"column":39}},"4":{"start":{"line":9,"column":4},"end":{"line":12,"column":6}},"5":{"start":{"line":10,"column":6},"end":{"line":10,"column":32}},"6":{"start":{"line":11,"column":6},"end":{"line":11,"column":31}},"7":{"start":{"line":14,"column":2},"end":{"line":14,"column":21}}},"fnMap":{"0":{"name":"(anonymous_0)","decl":{"start":{"line":7,"column":20},"end":{"line":7,"column":46}},"loc":{"start":{"line":7,"column":75},"end":{"line":15,"column":1}}},"1":{"name":"(anonymous_1)","decl":{"start":{"line":8,"column":31},"end":{"line":null,"column":-1}},"loc":{"start":{"line":8,"column":31},"end":{"line":13,"column":3}}},"2":{"name":"(anonymous_2)","decl":{"start":{"line":9,"column":11},"end":{"line":9,"column":11}},"loc":{"start":{"line":9,"column":30},"end":{"line":12,"column":5}}}},"branchMap":{},"s":{"0":1,"1":0,"2":0,"3":0,"4":0,"5":0,"6":0,"7":0},"f":{"0":0,"1":0,"2":0},"b":{}}
,"/home/kevin/Documents/code/custom-fields/client/src/lib/redux-util/testStore.ts": {"path":"/home/kevin/Documents/code/custom-fields/client/src/lib/redux-util/testStore.ts","statementMap":{"0":{"start":{"line":11,"column":19},"end":{"line":14,"column":1}},"1":{"start":{"line":12,"column":18},"end":{"line":12,"column":87}},"2":{"start":{"line":13,"column":2},"end":{"line":13,"column":54}}},"fnMap":{"0":{"name":"(anonymous_0)","decl":{"start":{"line":11,"column":19},"end":{"line":11,"column":19}},"loc":{"start":{"line":11,"column":62},"end":{"line":14,"column":1}}}},"branchMap":{"0":{"loc":{"start":{"line":12,"column":51},"end":{"line":12,"column":59}},"type":"cond-expr","locations":[{"start":{"line":12,"column":51},"end":{"line":12,"column":59}},{"start":{"line":12,"column":62},"end":{"line":12,"column":87}}]}},"s":{"0":1,"1":8,"2":8},"f":{"0":8},"b":{"0":[0,8]}}
,"/home/kevin/Documents/code/custom-fields/client/src/lib/serialize-args/index.ts": {"path":"/home/kevin/Documents/code/custom-fields/client/src/lib/serialize-args/index.ts","statementMap":{"0":{"start":{"line":1,"column":14},"end":{"line":1,"column":17}},"1":{"start":{"line":3,"column":23},"end":{"line":14,"column":1}},"2":{"start":{"line":4,"column":2},"end":{"line":13,"column":17}},"3":{"start":{"line":6,"column":6},"end":{"line":6,"column":38}},"4":{"start":{"line":6,"column":24},"end":{"line":6,"column":38}},"5":{"start":{"line":7,"column":6},"end":{"line":7,"column":48}},"6":{"start":{"line":7,"column":29},"end":{"line":7,"column":48}},"7":{"start":{"line":8,"column":6},"end":{"line":8,"column":57}},"8":{"start":{"line":8,"column":35},"end":{"line":8,"column":57}},"9":{"start":{"line":9,"column":6},"end":{"line":9,"column":46}},"10":{"start":{"line":9,"column":35},"end":{"line":9,"column":46}},"11":{"start":{"line":10,"column":6},"end":{"line":10,"column":57}},"12":{"start":{"line":10,"column":30},"end":{"line":10,"column":57}},"13":{"start":{"line":11,"column":6},"end":{"line":11,"column":87}},"14":{"start":{"line":11,"column":35},"end":{"line":11,"column":87}},"15":{"start":{"line":16,"column":18},"end":{"line":18,"column":1}},"16":{"start":{"line":16,"column":19},"end":{"line":16,"column":32}},"17":{"start":{"line":16,"column":19},"end":{"line":16,"column":33}},"18":{"start":{"line":17,"column":2},"end":{"line":17,"column":36}}},"fnMap":{"0":{"name":"(anonymous_0)","decl":{"start":{"line":3,"column":23},"end":{"line":3,"column":23}},"loc":{"start":{"line":3,"column":35},"end":{"line":14,"column":1}}},"1":{"name":"(anonymous_1)","decl":{"start":{"line":5,"column":9},"end":{"line":5,"column":9}},"loc":{"start":{"line":5,"column":18},"end":{"line":12,"column":5}}},"2":{"name":"(anonymous_2)","decl":{"start":{"line":16,"column":18},"end":{"line":null,"column":-1}},"loc":{"start":{"line":16,"column":18},"end":{"line":18,"column":1}}}},"branchMap":{"0":{"loc":{"start":{"line":6,"column":6},"end":{"line":6,"column":38}},"type":"if","locations":[{"start":{"line":6,"column":6},"end":{"line":6,"column":38}},{"start":{"line":6,"column":6},"end":{"line":6,"column":38}}]},"1":{"loc":{"start":{"line":7,"column":6},"end":{"line":7,"column":48}},"type":"if","locations":[{"start":{"line":7,"column":6},"end":{"line":7,"column":48}},{"start":{"line":7,"column":6},"end":{"line":7,"column":48}}]},"2":{"loc":{"start":{"line":8,"column":6},"end":{"line":8,"column":57}},"type":"if","locations":[{"start":{"line":8,"column":6},"end":{"line":8,"column":57}},{"start":{"line":8,"column":6},"end":{"line":8,"column":57}}]},"3":{"loc":{"start":{"line":9,"column":6},"end":{"line":9,"column":46}},"type":"if","locations":[{"start":{"line":9,"column":6},"end":{"line":9,"column":46}},{"start":{"line":9,"column":6},"end":{"line":9,"column":46}}]},"4":{"loc":{"start":{"line":10,"column":6},"end":{"line":10,"column":57}},"type":"if","locations":[{"start":{"line":10,"column":6},"end":{"line":10,"column":57}},{"start":{"line":10,"column":6},"end":{"line":10,"column":57}}]},"5":{"loc":{"start":{"line":11,"column":6},"end":{"line":11,"column":87}},"type":"if","locations":[{"start":{"line":11,"column":6},"end":{"line":11,"column":87}},{"start":{"line":11,"column":6},"end":{"line":11,"column":87}}]}},"s":{"0":2,"1":2,"2":134,"3":189,"4":2,"5":187,"6":2,"7":185,"8":28,"9":157,"10":82,"11":75,"12":45,"13":30,"14":26,"15":2,"16":89,"17":127,"18":89},"f":{"0":134,"1":189,"2":89},"b":{"0":[2,187],"1":[2,185],"2":[28,157],"3":[82,75],"4":[45,30],"5":[26,4]}}
,"/home/kevin/Documents/code/custom-fields/client/src/lib/with-props/shallowEqual.ts": {"path":"/home/kevin/Documents/code/custom-fields/client/src/lib/with-props/shallowEqual.ts","statementMap":{"0":{"start":{"line":1,"column":15},"end":{"line":1,"column":46}},"1":{"start":{"line":4,"column":2},"end":{"line":8,"column":3}},"2":{"start":{"line":5,"column":4},"end":{"line":5,"column":49}},"3":{"start":{"line":7,"column":4},"end":{"line":7,"column":30}},"4":{"start":{"line":12,"column":2},"end":{"line":12,"column":34}},"5":{"start":{"line":12,"column":22},"end":{"line":12,"column":34}},"6":{"start":{"line":14,"column":2},"end":{"line":16,"column":3}},"7":{"start":{"line":15,"column":4},"end":{"line":15,"column":17}},"8":{"start":{"line":18,"column":16},"end":{"line":18,"column":33}},"9":{"start":{"line":19,"column":16},"end":{"line":19,"column":33}},"10":{"start":{"line":21,"column":2},"end":{"line":21,"column":50}},"11":{"start":{"line":21,"column":37},"end":{"line":21,"column":50}},"12":{"start":{"line":23,"column":2},"end":{"line":27,"column":3}},"13":{"start":{"line":24,"column":4},"end":{"line":26,"column":5}},"14":{"start":{"line":25,"column":6},"end":{"line":25,"column":19}},"15":{"start":{"line":29,"column":2},"end":{"line":29,"column":14}}},"fnMap":{"0":{"name":"is","decl":{"start":{"line":3,"column":0},"end":{"line":3,"column":11}},"loc":{"start":{"line":3,"column":26},"end":{"line":9,"column":1}}},"1":{"name":"shallowEqual","decl":{"start":{"line":11,"column":14},"end":{"line":11,"column":36}},"loc":{"start":{"line":11,"column":57},"end":{"line":30,"column":1}}}},"branchMap":{"0":{"loc":{"start":{"line":4,"column":2},"end":{"line":8,"column":3}},"type":"if","locations":[{"start":{"line":4,"column":2},"end":{"line":8,"column":3}},{"start":{"line":4,"column":2},"end":{"line":8,"column":3}}]},"1":{"loc":{"start":{"line":5,"column":11},"end":{"line":5,"column":18}},"type":"binary-expr","locations":[{"start":{"line":5,"column":11},"end":{"line":5,"column":18}},{"start":{"line":5,"column":22},"end":{"line":5,"column":29}},{"start":{"line":5,"column":33},"end":{"line":5,"column":48}}]},"2":{"loc":{"start":{"line":7,"column":11},"end":{"line":7,"column":18}},"type":"binary-expr","locations":[{"start":{"line":7,"column":11},"end":{"line":7,"column":18}},{"start":{"line":7,"column":22},"end":{"line":7,"column":29}}]},"3":{"loc":{"start":{"line":12,"column":2},"end":{"line":12,"column":34}},"type":"if","locations":[{"start":{"line":12,"column":2},"end":{"line":12,"column":34}},{"start":{"line":12,"column":2},"end":{"line":12,"column":34}}]},"4":{"loc":{"start":{"line":14,"column":2},"end":{"line":16,"column":3}},"type":"if","locations":[{"start":{"line":14,"column":2},"end":{"line":16,"column":3}},{"start":{"line":14,"column":2},"end":{"line":16,"column":3}}]},"5":{"loc":{"start":{"line":14,"column":6},"end":{"line":14,"column":30}},"type":"binary-expr","locations":[{"start":{"line":14,"column":6},"end":{"line":14,"column":30}},{"start":{"line":14,"column":34},"end":{"line":14,"column":47}},{"start":{"line":14,"column":51},"end":{"line":14,"column":75}},{"start":{"line":14,"column":79},"end":{"line":14,"column":92}}]},"6":{"loc":{"start":{"line":21,"column":2},"end":{"line":21,"column":50}},"type":"if","locations":[{"start":{"line":21,"column":2},"end":{"line":21,"column":50}},{"start":{"line":21,"column":2},"end":{"line":21,"column":50}}]},"7":{"loc":{"start":{"line":24,"column":4},"end":{"line":26,"column":5}},"type":"if","locations":[{"start":{"line":24,"column":4},"end":{"line":26,"column":5}},{"start":{"line":24,"column":4},"end":{"line":26,"column":5}}]},"8":{"loc":{"start":{"line":24,"column":8},"end":{"line":24,"column":36}},"type":"binary-expr","locations":[{"start":{"line":24,"column":8},"end":{"line":24,"column":36}},{"start":{"line":24,"column":40},"end":{"line":24,"column":75}}]}},"s":{"0":3,"1":39,"2":18,"3":21,"4":20,"5":2,"6":18,"7":8,"8":10,"9":10,"10":10,"11":2,"12":8,"13":20,"14":3,"15":5},"f":{"0":39,"1":20},"b":{"0":[18,21],"1":[18,1,1],"2":[21,1],"3":[2,18],"4":[8,10],"5":[18,16,16,10],"6":[2,8],"7":[3,17],"8":[20,19]}}
,"/home/kevin/Documents/code/custom-fields/client/src/lib/with-props/withProps.tsx": {"path":"/home/kevin/Documents/code/custom-fields/client/src/lib/with-props/withProps.tsx","statementMap":{"0":{"start":{"line":4,"column":16},"end":{"line":21,"column":1}},"1":{"start":{"line":5,"column":2},"end":{"line":20,"column":3}},"2":{"start":{"line":6,"column":22},"end":{"line":6,"column":26}},"3":{"start":{"line":7,"column":4},"end":{"line":7,"column":29}},"4":{"start":{"line":7,"column":17},"end":{"line":7,"column":28}},"5":{"start":{"line":11,"column":4},"end":{"line":19,"column":6}},"6":{"start":{"line":12,"column":6},"end":{"line":18,"column":7}},"7":{"start":{"line":13,"column":8},"end":{"line":13,"column":27}},"8":{"start":{"line":15,"column":8},"end":{"line":15,"column":30}},"9":{"start":{"line":16,"column":8},"end":{"line":16,"column":22}},"10":{"start":{"line":17,"column":8},"end":{"line":17,"column":27}},"11":{"start":{"line":23,"column":18},"end":{"line":30,"column":1}},"12":{"start":{"line":24,"column":19},"end":{"line":24,"column":56}},"13":{"start":{"line":25,"column":2},"end":{"line":29,"column":4}},"14":{"start":{"line":26,"column":36},"end":{"line":26,"column":99}},"15":{"start":{"line":26,"column":47},"end":{"line":26,"column":99}},"16":{"start":{"line":27,"column":4},"end":{"line":27,"column":113}},"17":{"start":{"line":28,"column":4},"end":{"line":28,"column":21}}},"fnMap":{"0":{"name":"(anonymous_1)","decl":{"start":{"line":4,"column":16},"end":{"line":4,"column":16}},"loc":{"start":{"line":4,"column":19},"end":{"line":21,"column":1}}},"1":{"name":"(anonymous_2)","decl":{"start":{"line":7,"column":11},"end":{"line":7,"column":16}},"loc":{"start":{"line":7,"column":11},"end":{"line":7,"column":28}}},"2":{"name":"(anonymous_3)","decl":{"start":{"line":11,"column":11},"end":{"line":11,"column":11}},"loc":{"start":{"line":11,"column":15},"end":{"line":19,"column":5}}},"3":{"name":"(anonymous_4)","decl":{"start":{"line":23,"column":18},"end":{"line":23,"column":24}},"loc":{"start":{"line":23,"column":51},"end":{"line":30,"column":1}}},"4":{"name":"(anonymous_5)","decl":{"start":{"line":25,"column":9},"end":{"line":25,"column":9}},"loc":{"start":{"line":25,"column":54},"end":{"line":29,"column":3}}},"5":{"name":"(anonymous_6)","decl":{"start":{"line":26,"column":36},"end":{"line":26,"column":36}},"loc":{"start":{"line":26,"column":42},"end":{"line":26,"column":99}}}},"branchMap":{"0":{"loc":{"start":{"line":5,"column":2},"end":{"line":20,"column":3}},"type":"if","locations":[{"start":{"line":5,"column":2},"end":{"line":20,"column":3}},{"start":{"line":5,"column":2},"end":{"line":20,"column":3}}]},"1":{"loc":{"start":{"line":12,"column":6},"end":{"line":18,"column":7}},"type":"if","locations":[{"start":{"line":12,"column":6},"end":{"line":18,"column":7}},{"start":{"line":12,"column":6},"end":{"line":18,"column":7}}]},"2":{"loc":{"start":{"line":27,"column":41},"end":{"line":27,"column":69}},"type":"binary-expr","locations":[{"start":{"line":27,"column":41},"end":{"line":27,"column":69}},{"start":{"line":27,"column":73},"end":{"line":27,"column":94}},{"start":{"line":27,"column":98},"end":{"line":27,"column":109}}]}},"s":{"0":2,"1":10,"2":6,"3":6,"4":4,"5":4,"6":6,"7":1,"8":5,"9":5,"10":5,"11":2,"12":10,"13":10,"14":10,"15":10,"16":10,"17":10},"f":{"0":10,"1":4,"2":6,"3":10,"4":10,"5":10},"b":{"0":[6,4],"1":[1,5],"2":[10,9,1]}}
}
