TN:
SF:/home/kevin/Documents/code/custom-fields/client/src/index.tsx
FN:18,(anonymous_2)
FNF:1
FNH:0
FNDA:0,(anonymous_2)
DA:2,0
DA:3,0
DA:4,0
DA:5,0
DA:6,0
DA:7,0
DA:8,0
DA:9,0
DA:10,0
DA:11,0
DA:12,0
DA:14,0
DA:16,0
DA:18,0
DA:19,0
DA:30,0
LF:16
LH:0
BRDA:12,0,0,0
BRDA:12,0,1,0
BRF:2
BRH:0
end_of_record
TN:
SF:/home/kevin/Documents/code/custom-fields/client/src/setupTests.ts
FNF:0
FNH:0
DA:5,5
LF:1
LH:1
BRF:0
BRH:0
end_of_record
TN:
SF:/home/kevin/Documents/code/custom-fields/client/src/app/i18next.ts
FNF:0
FNH:0
DA:2,0
DA:3,0
DA:5,0
LF:3
LH:0
BRF:0
BRH:0
end_of_record
TN:
SF:/home/kevin/Documents/code/custom-fields/client/src/app/api/authApi.ts
FN:3,(anonymous_0)
FN:4,(anonymous_1)
FN:5,(anonymous_2)
FN:6,(anonymous_3)
FNF:4
FNH:0
FNDA:0,(anonymous_0)
FNDA:0,(anonymous_1)
FNDA:0,(anonymous_2)
FNDA:0,(anonymous_3)
DA:3,0
DA:4,0
DA:5,0
DA:6,0
LF:4
LH:0
BRF:0
BRH:0
end_of_record
TN:
SF:/home/kevin/Documents/code/custom-fields/client/src/app/api/axios.ts
FN:6,(anonymous_1)
FN:14,(anonymous_2)
FNF:2
FNH:0
FNDA:0,(anonymous_1)
FNDA:0,(anonymous_2)
DA:3,0
DA:6,0
DA:7,0
DA:8,0
DA:9,0
DA:11,0
DA:15,0
DA:16,0
LF:8
LH:0
BRDA:8,0,0,0
BRDA:8,0,1,0
BRF:2
BRH:0
end_of_record
TN:
SF:/home/kevin/Documents/code/custom-fields/client/src/app/api/fieldApi.ts
FN:3,(anonymous_0)
FN:4,(anonymous_1)
FN:5,(anonymous_2)
FN:6,(anonymous_3)
FNF:4
FNH:0
FNDA:0,(anonymous_0)
FNDA:0,(anonymous_1)
FNDA:0,(anonymous_2)
FNDA:0,(anonymous_3)
DA:3,0
DA:4,0
DA:5,0
DA:6,0
LF:4
LH:0
BRF:0
BRH:0
end_of_record
TN:
SF:/home/kevin/Documents/code/custom-fields/client/src/app/api/index.ts
FNF:0
FNH:0
DA:2,0
DA:3,0
DA:5,0
DA:6,0
LF:4
LH:0
BRF:0
BRH:0
end_of_record
TN:
SF:/home/kevin/Documents/code/custom-fields/client/src/app/components/Fields/Error.tsx
FN:10,(anonymous_1)
FN:14,(anonymous_2)
FNF:2
FNH:0
FNDA:0,(anonymous_1)
FNDA:0,(anonymous_2)
DA:2,0
DA:10,0
DA:15,0
LF:3
LH:0
BRDA:10,0,0,0
BRDA:15,1,0,0
BRDA:15,1,1,0
BRDA:15,2,0,0
BRDA:15,2,1,0
BRDA:15,2,2,0
BRDA:15,3,0,0
BRDA:15,3,1,0
BRF:8
BRH:0
end_of_record
TN:
SF:/home/kevin/Documents/code/custom-fields/client/src/app/components/Fields/Input.tsx
FN:7,(anonymous_3)
FNF:1
FNH:0
FNDA:0,(anonymous_3)
DA:1,0
DA:3,0
DA:7,0
LF:3
LH:0
BRDA:8,0,0,0
BRDA:8,0,1,0
BRF:2
BRH:0
end_of_record
TN:
SF:/home/kevin/Documents/code/custom-fields/client/src/app/components/Fields/Select.tsx
FN:9,(anonymous_3)
FN:11,(anonymous_4)
FNF:2
FNH:0
FNDA:0,(anonymous_3)
FNDA:0,(anonymous_4)
DA:1,0
DA:3,0
DA:9,0
DA:11,0
LF:4
LH:0
BRF:0
BRH:0
end_of_record
TN:
SF:/home/kevin/Documents/code/custom-fields/client/src/app/components/Fields/StylishField.tsx
FN:17,(anonymous_4)
FNF:1
FNH:0
FNDA:0,(anonymous_4)
DA:1,0
DA:2,0
DA:3,0
DA:10,0
DA:17,0
LF:5
LH:0
BRDA:25,0,0,0
BRDA:25,0,1,0
BRF:2
BRH:0
end_of_record
TN:
SF:/home/kevin/Documents/code/custom-fields/client/src/app/components/Fields/index.ts
FNF:0
FNH:0
DA:2,0
DA:3,0
DA:4,0
LF:3
LH:0
BRF:0
BRH:0
end_of_record
TN:
SF:/home/kevin/Documents/code/custom-fields/client/src/app/components/Forms/LoginForm.tsx
FN:7,(anonymous_1)
FN:18,(anonymous_2)
FN:34,(anonymous_3)
FNF:3
FNH:0
FNDA:0,(anonymous_1)
FNDA:0,(anonymous_2)
FNDA:0,(anonymous_3)
DA:2,0
DA:3,0
DA:4,0
DA:5,0
DA:7,0
DA:8,0
DA:9,0
DA:10,0
DA:12,0
DA:13,0
DA:15,0
DA:18,0
DA:19,0
DA:34,0
LF:14
LH:0
BRDA:9,0,0,0
BRDA:9,0,1,0
BRDA:12,1,0,0
BRDA:12,1,1,0
BRF:4
BRH:0
end_of_record
TN:
SF:/home/kevin/Documents/code/custom-fields/client/src/app/components/Forms/RegisterForm.tsx
FN:8,(anonymous_1)
FN:19,(anonymous_2)
FNF:2
FNH:0
FNDA:0,(anonymous_1)
FNDA:0,(anonymous_2)
DA:3,0
DA:4,0
DA:5,0
DA:6,0
DA:8,0
DA:9,0
DA:19,0
LF:7
LH:0
BRF:0
BRH:0
end_of_record
TN:
SF:/home/kevin/Documents/code/custom-fields/client/src/app/components/Forms/index.ts
FNF:0
FNH:0
DA:2,0
LF:1
LH:0
BRF:0
BRH:0
end_of_record
TN:
SF:/home/kevin/Documents/code/custom-fields/client/src/app/pages/index.tsx
FN:6,(anonymous_1)
FNF:1
FNH:0
FNDA:0,(anonymous_1)
DA:2,0
DA:3,0
DA:4,0
DA:6,0
LF:4
LH:0
BRF:0
BRH:0
end_of_record
TN:
SF:/home/kevin/Documents/code/custom-fields/client/src/app/redux/events.ts
FNF:0
FNH:0
DA:1,1
DA:2,1
DA:4,1
DA:5,1
DA:7,1
DA:8,1
DA:9,1
DA:10,1
LF:8
LH:8
BRF:0
BRH:0
end_of_record
TN:
SF:/home/kevin/Documents/code/custom-fields/client/src/app/redux/index.ts
FNF:0
FNH:0
DA:1,0
LF:1
LH:0
BRDA:1,0,0,0
BRDA:1,0,1,0
BRF:2
BRH:0
end_of_record
TN:
SF:/home/kevin/Documents/code/custom-fields/client/src/app/redux/data/constants.ts
FNF:0
FNH:0
DA:1,1
DA:2,1
LF:2
LH:2
BRF:0
BRH:0
end_of_record
TN:
SF:/home/kevin/Documents/code/custom-fields/client/src/app/redux/data/data.actions.ts
FNF:0
FNH:0
DA:2,0
DA:4,0
LF:2
LH:0
BRF:0
BRH:0
end_of_record
TN:
SF:/home/kevin/Documents/code/custom-fields/client/src/app/redux/data/data.reducer.ts
FN:5,(anonymous_0)
FNF:1
FNH:1
FNDA:48,(anonymous_0)
DA:5,72
DA:6,48
DA:7,48
DA:9,11
DA:11,7
DA:13,4
DA:15,26
LF:7
LH:7
BRDA:5,0,0,24
BRDA:5,0,1,24
BRDA:8,1,0,11
BRDA:8,1,1,7
BRDA:8,1,2,4
BRDA:8,1,3,26
BRF:6
BRH:6
end_of_record
TN:
SF:/home/kevin/Documents/code/custom-fields/client/src/app/redux/data/request.reducer.ts
FN:8,(anonymous_1)
FN:21,(anonymous_2)
FN:32,(anonymous_3)
FN:58,(anonymous_4)
FNF:4
FNH:4
FNDA:22,(anonymous_1)
FNDA:22,(anonymous_2)
FNDA:22,(anonymous_3)
FNDA:48,(anonymous_4)
DA:4,1
DA:6,1
DA:8,1
DA:9,22
DA:11,11
DA:13,7
DA:15,4
DA:17,0
DA:21,22
DA:22,22
DA:26,22
DA:28,0
DA:32,29
DA:33,22
DA:35,11
DA:37,7
DA:46,4
DA:54,0
DA:58,72
DA:59,48
DA:60,22
DA:62,26
LF:22
LH:19
BRDA:10,0,0,11
BRDA:10,0,1,7
BRDA:10,0,2,4
BRDA:10,0,3,0
BRDA:21,1,0,0
BRDA:21,1,1,22
BRDA:23,2,0,11
BRDA:23,2,1,18
BRDA:23,2,2,22
BRDA:23,2,3,0
BRDA:32,3,0,7
BRDA:32,3,1,15
BRDA:34,4,0,11
BRDA:34,4,1,7
BRDA:34,4,2,4
BRDA:34,4,3,0
BRDA:58,5,0,24
BRDA:58,5,1,24
BRDA:59,6,0,22
BRDA:59,6,1,26
BRDA:59,7,0,48
BRDA:59,7,1,24
BRDA:59,7,2,23
BRF:23
BRH:19
end_of_record
TN:
SF:/home/kevin/Documents/code/custom-fields/client/src/app/redux/data/request.selector.ts
FN:5,(anonymous_0)
FN:7,(anonymous_1)
FN:17,(anonymous_2)
FNF:3
FNH:3
FNDA:10,(anonymous_0)
FNDA:8,(anonymous_1)
FNDA:8,(anonymous_2)
DA:5,10
DA:7,1
DA:8,8
DA:17,8
DA:18,8
LF:5
LH:5
BRDA:8,0,0,8
BRDA:8,0,1,4
BRDA:18,1,0,8
BRDA:18,1,1,6
BRF:4
BRH:4
end_of_record
TN:
SF:/home/kevin/Documents/code/custom-fields/client/src/app/redux/data/util.ts
FN:11,(anonymous_13)
FN:12,(anonymous_14)
FN:13,(anonymous_15)
FN:17,(anonymous_16)
FN:23,(anonymous_17)
FN:30,(anonymous_18)
FN:44,(anonymous_19)
FN:44,(anonymous_20)
FN:58,(anonymous_23)
FN:60,(anonymous_24)
FNF:10
FNH:10
FNDA:6,(anonymous_13)
FNDA:11,(anonymous_14)
FNDA:7,(anonymous_15)
FNDA:4,(anonymous_16)
FNDA:1,(anonymous_17)
FNDA:6,(anonymous_18)
FNDA:8,(anonymous_19)
FNDA:8,(anonymous_20)
FNDA:3,(anonymous_23)
FNDA:6,(anonymous_24)
DA:1,1
DA:11,6
DA:12,11
DA:13,7
DA:17,4
DA:23,1
DA:28,1
DA:30,1
DA:31,6
DA:32,6
DA:33,6
DA:39,6
DA:40,6
DA:41,6
DA:42,2
DA:44,8
DA:45,8
DA:46,8
DA:47,1
DA:48,1
DA:49,1
DA:51,7
DA:54,4
DA:58,1
DA:59,3
DA:60,6
LF:26
LH:26
BRDA:41,0,0,2
BRDA:41,0,1,4
BRDA:46,1,0,1
BRDA:46,1,1,7
BRDA:46,2,0,8
BRDA:46,2,1,2
BRF:6
BRH:6
end_of_record
TN:
SF:/home/kevin/Documents/code/custom-fields/client/src/lib/finalForm.tsx
FN:4,(anonymous_1)
FN:4,(anonymous_2)
FN:4,(anonymous_3)
FNF:3
FNH:0
FNDA:0,(anonymous_1)
FNDA:0,(anonymous_2)
FNDA:0,(anonymous_3)
DA:4,1
LF:1
LH:1
BRF:0
BRH:0
end_of_record
TN:
SF:/home/kevin/Documents/code/custom-fields/client/src/lib/i18next/withText.tsx
FN:18,(anonymous_1)
FN:20,(anonymous_2)
FN:21,(anonymous_3)
FN:24,(anonymous_4)
FNF:4
FNH:4
FNDA:2,(anonymous_1)
FNDA:2,(anonymous_2)
FNDA:2,(anonymous_3)
FNDA:3,(anonymous_4)
DA:6,2
DA:18,2
DA:19,2
DA:20,2
DA:21,2
DA:22,2
DA:25,3
DA:26,3
LF:8
LH:8
BRF:0
BRH:0
end_of_record
TN:
SF:/home/kevin/Documents/code/custom-fields/client/src/lib/redux-util/addRedirect.ts
FN:7,(anonymous_0)
FN:8,(anonymous_1)
FN:9,(anonymous_2)
FNF:3
FNH:0
FNDA:0,(anonymous_0)
FNDA:0,(anonymous_1)
FNDA:0,(anonymous_2)
DA:7,1
DA:8,0
DA:9,0
DA:10,0
DA:11,0
DA:14,0
LF:6
LH:1
BRF:0
BRH:0
end_of_record
TN:
SF:/home/kevin/Documents/code/custom-fields/client/src/lib/redux-util/testStore.ts
FN:11,(anonymous_0)
FNF:1
FNH:1
FNDA:8,(anonymous_0)
DA:11,1
DA:12,8
DA:13,8
LF:3
LH:3
BRDA:12,0,0,0
BRDA:12,0,1,8
BRF:2
BRH:1
end_of_record
TN:
SF:/home/kevin/Documents/code/custom-fields/client/src/lib/serialize-args/index.ts
FN:3,(anonymous_0)
FN:5,(anonymous_1)
FN:16,(anonymous_2)
FNF:3
FNH:3
FNDA:134,(anonymous_0)
FNDA:189,(anonymous_1)
FNDA:89,(anonymous_2)
DA:1,2
DA:3,2
DA:4,134
DA:6,189
DA:7,187
DA:8,185
DA:9,157
DA:10,75
DA:11,30
DA:16,127
DA:17,89
LF:11
LH:11
BRDA:6,0,0,2
BRDA:6,0,1,187
BRDA:7,1,0,2
BRDA:7,1,1,185
BRDA:8,2,0,28
BRDA:8,2,1,157
BRDA:9,3,0,82
BRDA:9,3,1,75
BRDA:10,4,0,45
BRDA:10,4,1,30
BRDA:11,5,0,26
BRDA:11,5,1,4
BRF:12
BRH:12
end_of_record
TN:
SF:/home/kevin/Documents/code/custom-fields/client/src/lib/with-props/shallowEqual.ts
FN:3,is
FN:11,shallowEqual
FNF:2
FNH:2
FNDA:39,is
FNDA:20,shallowEqual
DA:1,3
DA:4,39
DA:5,18
DA:7,21
DA:12,20
DA:14,18
DA:15,8
DA:18,10
DA:19,10
DA:21,10
DA:23,8
DA:24,20
DA:25,3
DA:29,5
LF:14
LH:14
BRDA:4,0,0,18
BRDA:4,0,1,21
BRDA:5,1,0,18
BRDA:5,1,1,1
BRDA:5,1,2,1
BRDA:7,2,0,21
BRDA:7,2,1,1
BRDA:12,3,0,2
BRDA:12,3,1,18
BRDA:14,4,0,8
BRDA:14,4,1,10
BRDA:14,5,0,18
BRDA:14,5,1,16
BRDA:14,5,2,16
BRDA:14,5,3,10
BRDA:21,6,0,2
BRDA:21,6,1,8
BRDA:24,7,0,3
BRDA:24,7,1,17
BRDA:24,8,0,20
BRDA:24,8,1,19
BRF:21
BRH:21
end_of_record
TN:
SF:/home/kevin/Documents/code/custom-fields/client/src/lib/with-props/withProps.tsx
FN:4,(anonymous_1)
FN:7,(anonymous_2)
FN:11,(anonymous_3)
FN:23,(anonymous_4)
FN:25,(anonymous_5)
FN:26,(anonymous_6)
FNF:6
FNH:6
FNDA:10,(anonymous_1)
FNDA:4,(anonymous_2)
FNDA:6,(anonymous_3)
FNDA:10,(anonymous_4)
FNDA:10,(anonymous_5)
FNDA:10,(anonymous_6)
DA:4,2
DA:5,10
DA:6,6
DA:7,6
DA:11,4
DA:12,6
DA:13,1
DA:15,5
DA:16,5
DA:17,5
DA:23,2
DA:24,10
DA:25,10
DA:26,10
DA:27,10
DA:28,10
LF:16
LH:16
BRDA:5,0,0,6
BRDA:5,0,1,4
BRDA:12,1,0,1
BRDA:12,1,1,5
BRDA:27,2,0,10
BRDA:27,2,1,9
BRDA:27,2,2,1
BRF:7
BRH:7
end_of_record
